<?xml version="1.0" encoding="UTF-8"?>
<coverage generated="1548479212944" clover="3.2.0">
  <project timestamp="1548479212945" name="All files">
    <metrics statements="6" coveredstatements="6" conditionals="9" coveredconditionals="6" methods="2" coveredmethods="2" elements="17" coveredelements="14" complexity="0" loc="6" ncloc="6" packages="1" files="1" classes="1">
      <file name="index.js" path="/home/manikandanr/teezle/JS-Workshop/day-1 labs/day-1 labs/4-unit-tests/index.js">
        <metrics statements="6" coveredstatements="6" conditionals="9" coveredconditionals="6" methods="2" coveredmethods="2"/>
        <line num="1" count="1" type="stmt"/>
        <line num="3" count="2" type="cond" truecount="3" falsecount="1"/>
        <line num="4" count="2" type="stmt"/>
        <line num="7" count="1" type="stmt"/>
        <line num="9" count="1" type="cond" truecount="3" falsecount="2"/>
        <line num="10" count="1" type="stmt"/>
      </file>
    </metrics>
  </project>
</coverage>
