{"/home/manikandanr/teezle/JS-Workshop/day-1 labs/day-1 labs/4-unit-tests/index.js": {"path":"/home/manikandanr/teezle/JS-Workshop/day-1 labs/day-1 labs/4-unit-tests/index.js","statementMap":{"0":{"start":{"line":1,"column":0},"end":{"line":5,"column":2}},"1":{"start":{"line":3,"column":4},"end":{"line":3,"column":57}},"2":{"start":{"line":4,"column":4},"end":{"line":4,"column":17}},"3":{"start":{"line":7,"column":0},"end":{"line":11,"column":2}},"4":{"start":{"line":9,"column":4},"end":{"line":9,"column":74}},"5":{"start":{"line":10,"column":4},"end":{"line":10,"column":17}}},"fnMap":{"0":{"name":"(anonymous_0)","decl":{"start":{"line":1,"column":21},"end":{"line":1,"column":22}},"loc":{"start":{"line":1,"column":30},"end":{"line":5,"column":1}},"line":1},"1":{"name":"(anonymous_1)","decl":{"start":{"line":7,"column":21},"end":{"line":7,"column":22}},"loc":{"start":{"line":7,"column":30},"end":{"line":11,"column":1}},"line":7}},"branchMap":{"0":{"loc":{"start":{"line":3,"column":4},"end":{"line":3,"column":56}},"type":"cond-expr","locations":[{"start":{"line":3,"column":27},"end":{"line":3,"column":40}},{"start":{"line":3,"column":43},"end":{"line":3,"column":56}}],"line":3},"1":{"loc":{"start":{"line":3,"column":4},"end":{"line":3,"column":24}},"type":"binary-expr","locations":[{"start":{"line":3,"column":4},"end":{"line":3,"column":12}},{"start":{"line":3,"column":16},"end":{"line":3,"column":24}}],"line":3},"2":{"loc":{"start":{"line":9,"column":4},"end":{"line":9,"column":73}},"type":"cond-expr","locations":[{"start":{"line":9,"column":42},"end":{"line":9,"column":55}},{"start":{"line":9,"column":58},"end":{"line":9,"column":73}}],"line":9},"3":{"loc":{"start":{"line":9,"column":5},"end":{"line":9,"column":38}},"type":"binary-expr","locations":[{"start":{"line":9,"column":5},"end":{"line":9,"column":13}},{"start":{"line":9,"column":17},"end":{"line":9,"column":25}},{"start":{"line":9,"column":29},"end":{"line":9,"column":38}}],"line":9}},"s":{"0":1,"1":2,"2":2,"3":1,"4":1,"5":1},"f":{"0":2,"1":1},"b":{"0":[0,2],"1":[2,2],"2":[0,1],"3":[1,1,0]},"_coverageSchema":"332fd63041d2c1bcb487cc26dd0d5f7d97098a6c","hash":"bf38bfaefc8da1de50742d288f74fa2c6d98bdae"}
}
